E:\GITHUB\NEWCOMPOSITIONOPTIMIZATION\DEBUG\NEWCOMPOSITIONOPTIMIZATION.EXE
E:\GITHUB\NEWCOMPOSITIONOPTIMIZATION\DEBUG\NEWCOMPOSITIONOPTIMIZATION.ILK
E:\GITHUB\NEWCOMPOSITIONOPTIMIZATION\DEBUG\NEWCOMPOSITIONOPTIMIZATION.PDB
E:\GITHUB\NewCompositionOptimization\NewCompositionOptimization\Debug\cl.command.1.tlog
E:\GITHUB\NewCompositionOptimization\NewCompositionOptimization\Debug\CL.read.1.tlog
E:\GITHUB\NewCompositionOptimization\NewCompositionOptimization\Debug\CL.write.1.tlog
E:\GITHUB\NEWCOMPOSITIONOPTIMIZATION\NEWCOMPOSITIONOPTIMIZATION\DEBUG\COMPONENT.OBJ
E:\GITHUB\NewCompositionOptimization\NewCompositionOptimization\Debug\link.command.1.tlog
E:\GITHUB\NewCompositionOptimization\NewCompositionOptimization\Debug\link.read.1.tlog
E:\GITHUB\NewCompositionOptimization\NewCompositionOptimization\Debug\link.write.1.tlog
E:\GITHUB\NewCompositionOptimization\NewCompositionOptimization\Debug\link-cvtres.read.1.tlog
E:\GITHUB\NewCompositionOptimization\NewCompositionOptimization\Debug\link-cvtres.write.1.tlog
E:\GITHUB\NewCompositionOptimization\NewCompositionOptimization\Debug\mt.command.1.tlog
E:\GITHUB\NewCompositionOptimization\NewCompositionOptimization\Debug\mt.read.1.tlog
E:\GITHUB\NewCompositionOptimization\NewCompositionOptimization\Debug\mt.write.1.tlog
E:\GITHUB\NEWCOMPOSITIONOPTIMIZATION\NEWCOMPOSITIONOPTIMIZATION\DEBUG\NATURE.OBJ
E:\GITHUB\NEWCOMPOSITIONOPTIMIZATION\NEWCOMPOSITIONOPTIMIZATION\DEBUG\NEWCOMPOSITIONOPTIMIZATION.EXE.EMBED.MANIFEST
E:\GITHUB\NEWCOMPOSITIONOPTIMIZATION\NEWCOMPOSITIONOPTIMIZATION\DEBUG\NEWCOMPOSITIONOPTIMIZATION.EXE.EMBED.MANIFEST.RES
E:\GITHUB\NEWCOMPOSITIONOPTIMIZATION\NEWCOMPOSITIONOPTIMIZATION\DEBUG\NEWCOMPOSITIONOPTIMIZATION.EXE.INTERMEDIATE.MANIFEST
E:\GITHUB\NEWCOMPOSITIONOPTIMIZATION\NEWCOMPOSITIONOPTIMIZATION\DEBUG\NEWCOMPOSITIONOPTIMIZATION.OBJ
E:\GITHUB\NEWCOMPOSITIONOPTIMIZATION\NEWCOMPOSITIONOPTIMIZATION\DEBUG\NEWCOMPOSITIONOPTIMIZATION.PCH
E:\GITHUB\NEWCOMPOSITIONOPTIMIZATION\NEWCOMPOSITIONOPTIMIZATION\DEBUG\NEWCOMPOSITIONOPTIMIZATION.RES
E:\GITHUB\NewCompositionOptimization\NewCompositionOptimization\Debug\NewCompositionOptimization.write.1.tlog
E:\GITHUB\NewCompositionOptimization\NewCompositionOptimization\Debug\NewCompositionOptimization_manifest.rc
E:\GITHUB\NEWCOMPOSITIONOPTIMIZATION\NEWCOMPOSITIONOPTIMIZATION\DEBUG\NEWCOMPOSITIONOPTIMIZATIONDLG.OBJ
E:\GITHUB\NewCompositionOptimization\NewCompositionOptimization\Debug\rc.command.1.tlog
E:\GITHUB\NewCompositionOptimization\NewCompositionOptimization\Debug\rc.read.1.tlog
E:\GITHUB\NewCompositionOptimization\NewCompositionOptimization\Debug\rc.write.1.tlog
E:\GITHUB\NEWCOMPOSITIONOPTIMIZATION\NEWCOMPOSITIONOPTIMIZATION\DEBUG\STDAFX.OBJ
E:\GITHUB\NewCompositionOptimization\NewCompositionOptimization\Debug\vc100.idb
E:\GITHUB\NEWCOMPOSITIONOPTIMIZATION\NEWCOMPOSITIONOPTIMIZATION\DEBUG\VC100.PDB
